#
# A fatal error has been detected by the Java Runtime Environment:
#
#  EXCEPTION_ACCESS_VIOLATION (0xc0000005) at pc=0x00007ff8eb50ce13, pid=8128, tid=4028
#
# JRE version: OpenJDK Runtime Environment (21.0.1+12) (build 21.0.1+12-29)
# Java VM: OpenJDK 64-Bit Server VM (21.0.1+12-29, mixed mode, emulated-client, sharing, tiered, compressed oops, compressed class ptrs, g1 gc, windows-amd64)
# Problematic frame:
# V  [jvm.dll+0x3dce13]
#
# No core dump will be written. Minidumps are not enabled by default on client versions of Windows
#
# If you would like to submit a bug report, please visit:
#   https://bugreport.java.com/bugreport/crash.jsp
#

---------------  S U M M A R Y ------------

Command Line: -agentlib:jdwp=transport=dt_socket,address=127.0.0.1:59481,suspend=y,server=n -XX:TieredStopAtLevel=1 -Dspring.output.ansi.enabled=always -Dcom.sun.management.jmxremote -Dspring.jmx.enabled=true -Dspring.liveBeansView.mbeanDomain -Dspring.application.admin.enabled=true -Dmanagement.endpoints.jmx.exposure.include=* -javaagent:C:\Users\JD\AppData\Local\JetBrains\IntelliJIdea2023.2\captureAgent\debugger-agent.jar=file:/C:/Users/JD/AppData/Local/Temp/capture.props -Dfile.encoding=UTF-8 -Dsun.stdout.encoding=UTF-8 -Dsun.stderr.encoding=UTF-8 com.pujun.apiaccess.MyApplication

Host: Intel(R) Core(TM) i5-10210U CPU @ 1.60GHz, 8 cores, 7G,  Windows 10 , 64 bit Build 19041 (10.0.19041.4597)
Time: Mon Aug 12 21:26:46 2024  Windows 10 , 64 bit Build 19041 (10.0.19041.4597) elapsed time: 13.416409 seconds (0d 0h 0m 13s)

---------------  T H R E A D  ---------------

Current thread (0x0000023c817fe9e0):  JavaThread "File Watcher" daemon [_thread_in_vm, id=4028, stack(0x00000074f6200000,0x00000074f6300000) (1024K)]

Stack: [0x00000074f6200000,0x00000074f6300000],  sp=0x00000074f62ff450,  free space=1021k
Native frames: (J=compiled Java code, j=interpreted, Vv=VM code, C=native code)
V  [jvm.dll+0x3dce13]
V  [jvm.dll+0x6c8f42]
V  [jvm.dll+0x3ddabb]
V  [jvm.dll+0x3ddd47]
V  [jvm.dll+0x470de5]
V  [jvm.dll+0x3ef1b6]
V  [jvm.dll+0x7fd728]
